[ 2018-01-26T15:04:01+08:00 ] 127.0.0.1 /arc/Home/Index/products_view?id=177&&pid=12
INFO: [ app_init ] --START--
INFO: Run Behavior\BuildLiteBehavior [ RunTime:0.000000s ]
INFO: [ app_init ] --END-- [ RunTime:0.000000s ]
INFO: [ app_begin ] --START--
INFO: Run Behavior\ReadHtmlCacheBehavior [ RunTime:0.001000s ]
INFO: [ app_begin ] --END-- [ RunTime:0.001000s ]
SQL: SHOW COLUMNS FROM `ldhkj_index` [ RunTime:0.0120s ]
SQL: SELECT `other` FROM `ldhkj_index` WHERE ( label='logo' ) LIMIT 1   [ RunTime:0.0000s ]
SQL: SHOW COLUMNS FROM `ldhkj_class` [ RunTime:0.0090s ]
SQL: SELECT * FROM `ldhkj_class` WHERE ( pid='0' )  [ RunTime:0.0010s ]
SQL: SHOW COLUMNS FROM `ldhkj_company` [ RunTime:0.0100s ]
SQL: SELECT * FROM `ldhkj_company` ORDER BY updatetime desc LIMIT 1   [ RunTime:0.0000s ]
SQL: SHOW COLUMNS FROM `ldhkj_system` [ RunTime:0.0090s ]
SQL: SELECT * FROM `ldhkj_system` LIMIT 1   [ RunTime:0.0010s ]
NOTIC: [8] Undefined index: user D:\phpStudy\PHPTutorial\WWW\arc\Application\Home\Controller\IndexController.class.php 第 904 行.
NOTIC: [2048] Only variables should be passed by reference D:\phpStudy\PHPTutorial\WWW\arc\Application\Home\Controller\IndexController.class.php 第 907 行.
SQL: SELECT `pid` FROM `ldhkj_class` WHERE ( id=12 ) LIMIT 1   [ RunTime:0.0000s ]
SQL: SELECT * FROM `ldhkj_class` WHERE ( pid=12 )  [ RunTime:0.0000s ]
SQL: SELECT * FROM `ldhkj_class` WHERE ( id=12 ) LIMIT 1   [ RunTime:0.0000s ]
SQL: SHOW COLUMNS FROM `ldhkj_article` [ RunTime:0.0080s ]
SQL: SELECT * FROM `ldhkj_article` WHERE ( cid=177 )  [ RunTime:0.0010s ]
NOTIC: [8] Undefined index: cid D:\phpStudy\PHPTutorial\WWW\arc\Application\Home\Controller\IndexController.class.php 第 878 行.
SQL: SELECT * FROM `ldhkj_class` WHERE ( id=177 ) LIMIT 1   [ RunTime:0.0010s ]
SQL: SELECT * FROM `ldhkj_class` WHERE ( id=12 ) LIMIT 1   [ RunTime:0.0000s ]
SQL: SHOW COLUMNS FROM `ldhkj_quick_three` [ RunTime:0.0100s ]
SQL: SELECT * FROM `ldhkj_quick_three` WHERE ( cid=177 )  [ RunTime:0.0000s ]
NOTIC: [8] Undefined variable: al_list D:\phpStudy\PHPTutorial\WWW\arc\Application\Home\Controller\IndexController.class.php 第 285 行.
NOTIC: [2] Invalid argument supplied for foreach() D:\phpStudy\PHPTutorial\WWW\arc\Application\Home\Controller\IndexController.class.php 第 285 行.
NOTIC: [8] Undefined variable: al_list D:\phpStudy\PHPTutorial\WWW\arc\Application\Home\Controller\IndexController.class.php 第 288 行.
SQL: SELECT * FROM `ldhkj_class` WHERE ( id=177 ) LIMIT 1   [ RunTime:0.0000s ]
SQL: SHOW COLUMNS FROM `ldhkj_product` [ RunTime:0.0090s ]
SQL: SELECT * FROM `ldhkj_product` WHERE ( cid=177 ) ORDER BY addtime desc  [ RunTime:0.0000s ]
INFO: [ view_parse ] --START--
INFO: [ template_filter ] --START--
INFO: Run Behavior\ContentReplaceBehavior [ RunTime:0.000000s ]
INFO: [ template_filter ] --END-- [ RunTime:0.000000s ]
SQL: SELECT * FROM `ldhkj_class` WHERE `pid` = 2 ORDER BY ord asc  [ RunTime:0.0000s ]
SQL: SELECT `pid` FROM `ldhkj_class` WHERE ( id=142 ) LIMIT 1   [ RunTime:0.0010s ]
SQL: SELECT * FROM `ldhkj_class` WHERE ( pid=142 ) ORDER BY ord2 asc  [ RunTime:0.0000s ]
SQL: SELECT `pid` FROM `ldhkj_class` WHERE ( id=12 ) LIMIT 1   [ RunTime:0.0000s ]
SQL: SELECT * FROM `ldhkj_class` WHERE ( pid=12 ) ORDER BY ord2 asc  [ RunTime:0.0000s ]
SQL: SELECT `pid` FROM `ldhkj_class` WHERE ( id=11 ) LIMIT 1   [ RunTime:0.0000s ]
SQL: SELECT * FROM `ldhkj_class` WHERE ( pid=11 ) ORDER BY ord2 asc  [ RunTime:0.0000s ]
SQL: SELECT `pid` FROM `ldhkj_class` WHERE ( id=14 ) LIMIT 1   [ RunTime:0.0000s ]
SQL: SELECT * FROM `ldhkj_class` WHERE ( pid=14 ) ORDER BY ord2 asc  [ RunTime:0.0010s ]
SQL: SELECT `pid` FROM `ldhkj_class` WHERE ( id=313 ) LIMIT 1   [ RunTime:0.0000s ]
SQL: SELECT * FROM `ldhkj_class` WHERE ( pid=313 ) ORDER BY ord2 asc  [ RunTime:0.0000s ]
SQL: SELECT * FROM `ldhkj_class` WHERE `pid` = 6 ORDER BY ord asc  [ RunTime:0.0000s ]
SQL: SELECT * FROM `ldhkj_class` WHERE `pid` = 4 ORDER BY ord asc  [ RunTime:0.0000s ]
SQL: SELECT `pid` FROM `ldhkj_class` WHERE ( id=16 ) LIMIT 1   [ RunTime:0.0000s ]
SQL: SELECT * FROM `ldhkj_class` WHERE ( pid=16 ) ORDER BY ord2 asc  [ RunTime:0.0000s ]
SQL: SELECT `pid` FROM `ldhkj_class` WHERE ( id=17 ) LIMIT 1   [ RunTime:0.0000s ]
SQL: SELECT * FROM `ldhkj_class` WHERE ( pid=17 ) ORDER BY ord2 asc  [ RunTime:0.0000s ]
SQL: SELECT `pid` FROM `ldhkj_class` WHERE ( id=151 ) LIMIT 1   [ RunTime:0.0000s ]
SQL: SELECT * FROM `ldhkj_class` WHERE ( pid=151 ) ORDER BY ord2 asc  [ RunTime:0.0000s ]
SQL: SELECT `pid` FROM `ldhkj_class` WHERE ( id=292 ) LIMIT 1   [ RunTime:0.0000s ]
SQL: SELECT * FROM `ldhkj_class` WHERE ( pid=292 ) ORDER BY ord2 asc  [ RunTime:0.0000s ]
SQL: SELECT `pid` FROM `ldhkj_class` WHERE ( id=251 ) LIMIT 1   [ RunTime:0.0000s ]
SQL: SELECT * FROM `ldhkj_class` WHERE ( pid=251 ) ORDER BY ord2 asc  [ RunTime:0.0000s ]
SQL: SELECT `pid` FROM `ldhkj_class` WHERE ( id=18 ) LIMIT 1   [ RunTime:0.0000s ]
SQL: SELECT * FROM `ldhkj_class` WHERE ( pid=18 ) ORDER BY ord2 asc  [ RunTime:0.0000s ]
SQL: SELECT * FROM `ldhkj_class` WHERE `pid` = 5 ORDER BY ord asc  [ RunTime:0.0000s ]
SQL: SELECT `pid` FROM `ldhkj_class` WHERE ( id=20 ) LIMIT 1   [ RunTime:0.0000s ]
SQL: SELECT `pid` FROM `ldhkj_class` WHERE ( id=22 ) LIMIT 1   [ RunTime:0.0000s ]
SQL: SELECT `pid` FROM `ldhkj_class` WHERE ( id=24 ) LIMIT 1   [ RunTime:0.0000s ]
SQL: SELECT `pid` FROM `ldhkj_class` WHERE ( id=21 ) LIMIT 1   [ RunTime:0.0000s ]
SQL: SELECT `pid` FROM `ldhkj_class` WHERE ( id=23 ) LIMIT 1   [ RunTime:0.0000s ]
SQL: SELECT `pid` FROM `ldhkj_class` WHERE ( id=258 ) LIMIT 1   [ RunTime:0.0000s ]
SQL: SELECT `pid` FROM `ldhkj_class` WHERE ( id=267 ) LIMIT 1   [ RunTime:0.0010s ]
SQL: SELECT * FROM `ldhkj_class` WHERE `pid` = 7 ORDER BY ord asc  [ RunTime:0.0000s ]
SQL: SELECT `pid` FROM `ldhkj_class` WHERE ( id=25 ) LIMIT 1   [ RunTime:0.0000s ]
SQL: SELECT `pid` FROM `ldhkj_class` WHERE ( id=26 ) LIMIT 1   [ RunTime:0.0000s ]
SQL: SELECT * FROM `ldhkj_class` WHERE `pid` = 8 ORDER BY ord asc  [ RunTime:0.0000s ]
SQL: SELECT `pid` FROM `ldhkj_class` WHERE ( id=324 ) LIMIT 1   [ RunTime:0.0000s ]
SQL: SELECT `pid` FROM `ldhkj_class` WHERE ( id=29 ) LIMIT 1   [ RunTime:0.0000s ]
SQL: SELECT `pid` FROM `ldhkj_class` WHERE ( id=28 ) LIMIT 1   [ RunTime:0.0000s ]
SQL: SELECT `pid` FROM `ldhkj_class` WHERE ( id=150 ) LIMIT 1   [ RunTime:0.0000s ]
SQL: SELECT * FROM `ldhkj_class` WHERE `pid` = 9 ORDER BY ord asc  [ RunTime:0.0010s ]
SQL: SELECT `pid` FROM `ldhkj_class` WHERE ( id=30 ) LIMIT 1   [ RunTime:0.0000s ]
SQL: SELECT `pid` FROM `ldhkj_class` WHERE ( id=31 ) LIMIT 1   [ RunTime:0.0000s ]
SQL: SELECT `pid` FROM `ldhkj_class` WHERE ( id=32 ) LIMIT 1   [ RunTime:0.0000s ]
SQL: SELECT `pid` FROM `ldhkj_class` WHERE ( id=33 ) LIMIT 1   [ RunTime:0.0000s ]
SQL: SELECT `pid` FROM `ldhkj_class` WHERE ( id=278 ) LIMIT 1   [ RunTime:0.0000s ]
SQL: SELECT `pid` FROM `ldhkj_class` WHERE ( id=36 ) LIMIT 1   [ RunTime:0.0000s ]
SQL: SELECT * FROM `ldhkj_class` WHERE `pid` = 2 ORDER BY ord asc  [ RunTime:0.0000s ]
SQL: SELECT `pid` FROM `ldhkj_class` WHERE ( id=142 ) LIMIT 1   [ RunTime:0.0000s ]
SQL: SELECT `pid` FROM `ldhkj_class` WHERE ( id=12 ) LIMIT 1   [ RunTime:0.0000s ]
SQL: SELECT `pid` FROM `ldhkj_class` WHERE ( id=11 ) LIMIT 1   [ RunTime:0.0000s ]
SQL: SELECT `pid` FROM `ldhkj_class` WHERE ( id=14 ) LIMIT 1   [ RunTime:0.0000s ]
SQL: SELECT `pid` FROM `ldhkj_class` WHERE ( id=313 ) LIMIT 1   [ RunTime:0.0000s ]
SQL: SELECT * FROM `ldhkj_class` WHERE `pid` = 6 ORDER BY ord asc  [ RunTime:0.0000s ]
SQL: SELECT * FROM `ldhkj_class` WHERE `pid` = 4 ORDER BY ord asc  [ RunTime:0.0000s ]
SQL: SELECT `pid` FROM `ldhkj_class` WHERE ( id=16 ) LIMIT 1   [ RunTime:0.0000s ]
SQL: SELECT `pid` FROM `ldhkj_class` WHERE ( id=17 ) LIMIT 1   [ RunTime:0.0000s ]
SQL: SELECT `pid` FROM `ldhkj_class` WHERE ( id=151 ) LIMIT 1   [ RunTime:0.0000s ]
SQL: SELECT `pid` FROM `ldhkj_class` WHERE ( id=292 ) LIMIT 1   [ RunTime:0.0000s ]
SQL: SELECT `pid` FROM `ldhkj_class` WHERE ( id=251 ) LIMIT 1   [ RunTime:0.0000s ]
SQL: SELECT `pid` FROM `ldhkj_class` WHERE ( id=18 ) LIMIT 1   [ RunTime:0.0000s ]
SQL: SELECT * FROM `ldhkj_class` WHERE `pid` = 5 ORDER BY ord asc  [ RunTime:0.0010s ]
SQL: SELECT `pid` FROM `ldhkj_class` WHERE ( id=20 ) LIMIT 1   [ RunTime:0.0000s ]
SQL: SELECT `pid` FROM `ldhkj_class` WHERE ( id=22 ) LIMIT 1   [ RunTime:0.0000s ]
SQL: SELECT `pid` FROM `ldhkj_class` WHERE ( id=24 ) LIMIT 1   [ RunTime:0.0000s ]
SQL: SELECT `pid` FROM `ldhkj_class` WHERE ( id=21 ) LIMIT 1   [ RunTime:0.0000s ]
SQL: SELECT `pid` FROM `ldhkj_class` WHERE ( id=23 ) LIMIT 1   [ RunTime:0.0010s ]
SQL: SELECT `pid` FROM `ldhkj_class` WHERE ( id=258 ) LIMIT 1   [ RunTime:0.0000s ]
SQL: SELECT `pid` FROM `ldhkj_class` WHERE ( id=267 ) LIMIT 1   [ RunTime:0.0000s ]
SQL: SELECT * FROM `ldhkj_class` WHERE `pid` = 7 ORDER BY ord asc  [ RunTime:0.0000s ]
SQL: SELECT `pid` FROM `ldhkj_class` WHERE ( id=25 ) LIMIT 1   [ RunTime:0.0010s ]
SQL: SELECT `pid` FROM `ldhkj_class` WHERE ( id=26 ) LIMIT 1   [ RunTime:0.0000s ]
SQL: SELECT * FROM `ldhkj_class` WHERE `pid` = 8 ORDER BY ord asc  [ RunTime:0.0000s ]
SQL: SELECT `pid` FROM `ldhkj_class` WHERE ( id=324 ) LIMIT 1   [ RunTime:0.0000s ]
SQL: SELECT `pid` FROM `ldhkj_class` WHERE ( id=29 ) LIMIT 1   [ RunTime:0.0000s ]
SQL: SELECT `pid` FROM `ldhkj_class` WHERE ( id=28 ) LIMIT 1   [ RunTime:0.0010s ]
SQL: SELECT `pid` FROM `ldhkj_class` WHERE ( id=150 ) LIMIT 1   [ RunTime:0.0000s ]
SQL: SELECT * FROM `ldhkj_class` WHERE `pid` = 9 ORDER BY ord asc  [ RunTime:0.0000s ]
SQL: SELECT `pid` FROM `ldhkj_class` WHERE ( id=30 ) LIMIT 1   [ RunTime:0.0000s ]
SQL: SELECT `pid` FROM `ldhkj_class` WHERE ( id=31 ) LIMIT 1   [ RunTime:0.0000s ]
SQL: SELECT `pid` FROM `ldhkj_class` WHERE ( id=32 ) LIMIT 1   [ RunTime:0.0010s ]
SQL: SELECT `pid` FROM `ldhkj_class` WHERE ( id=33 ) LIMIT 1   [ RunTime:0.0000s ]
SQL: SELECT `pid` FROM `ldhkj_class` WHERE ( id=278 ) LIMIT 1   [ RunTime:0.0000s ]
SQL: SELECT `pid` FROM `ldhkj_class` WHERE ( id=36 ) LIMIT 1   [ RunTime:0.0000s ]
INFO: Run Behavior\ParseTemplateBehavior [ RunTime:0.077004s ]
INFO: [ view_parse ] --END-- [ RunTime:0.077004s ]
INFO: [ view_filter ] --START--
INFO: Run Behavior\WriteHtmlCacheBehavior [ RunTime:0.001000s ]
INFO: [ view_filter ] --END-- [ RunTime:0.001000s ]
INFO: [ app_end ] --START--
INFO: Run Behavior\ShowPageTraceBehavior [ RunTime:0.001001s ]
INFO: [ app_end ] --END-- [ RunTime:0.001001s ]

[ 2018-01-26T15:04:01+08:00 ] 127.0.0.1 /arc/Public/Uploads/system/592fbf66a3f9f.png
INFO: [ app_init ] --START--
INFO: Run Behavior\BuildLiteBehavior [ RunTime:0.000000s ]
INFO: [ app_init ] --END-- [ RunTime:0.000000s ]

[ 2018-01-26T15:04:01+08:00 ] 127.0.0.1 /arc/Public/Uploads/class/597fe2495336d.png
INFO: [ app_init ] --START--
INFO: Run Behavior\BuildLiteBehavior [ RunTime:0.000000s ]
INFO: [ app_init ] --END-- [ RunTime:0.001000s ]

[ 2018-01-26T15:04:01+08:00 ] 127.0.0.1 /arc/Public/Uploads/class/597feb0a00e44.png
INFO: [ app_init ] --START--
INFO: Run Behavior\BuildLiteBehavior [ RunTime:0.000000s ]
INFO: [ app_init ] --END-- [ RunTime:0.000000s ]

[ 2018-01-26T16:35:12+08:00 ] 127.0.0.1 /arc/Home/Index/products_view?id=177&&pid=12
INFO: [ app_init ] --START--
INFO: Run Behavior\BuildLiteBehavior [ RunTime:0.000000s ]
INFO: [ app_init ] --END-- [ RunTime:0.001000s ]
INFO: [ app_begin ] --START--
INFO: Run Behavior\ReadHtmlCacheBehavior [ RunTime:0.001000s ]
INFO: [ app_begin ] --END-- [ RunTime:0.001000s ]
SQL: SHOW COLUMNS FROM `ldhkj_index` [ RunTime:0.0370s ]
SQL: SELECT `other` FROM `ldhkj_index` WHERE ( label='logo' ) LIMIT 1   [ RunTime:0.0000s ]
SQL: SHOW COLUMNS FROM `ldhkj_class` [ RunTime:0.0170s ]
SQL: SELECT * FROM `ldhkj_class` WHERE ( pid='0' )  [ RunTime:0.0130s ]
SQL: SHOW COLUMNS FROM `ldhkj_company` [ RunTime:0.0100s ]
SQL: SELECT * FROM `ldhkj_company` ORDER BY updatetime desc LIMIT 1   [ RunTime:0.0010s ]
SQL: SHOW COLUMNS FROM `ldhkj_system` [ RunTime:0.0100s ]
SQL: SELECT * FROM `ldhkj_system` LIMIT 1   [ RunTime:0.0000s ]
NOTIC: [8] Undefined index: user D:\phpStudy\PHPTutorial\WWW\arc\Application\Home\Controller\IndexController.class.php 第 904 行.
NOTIC: [2048] Only variables should be passed by reference D:\phpStudy\PHPTutorial\WWW\arc\Application\Home\Controller\IndexController.class.php 第 907 行.
SQL: SELECT `pid` FROM `ldhkj_class` WHERE ( id=12 ) LIMIT 1   [ RunTime:0.0000s ]
SQL: SELECT * FROM `ldhkj_class` WHERE ( pid=12 )  [ RunTime:0.0010s ]
SQL: SELECT * FROM `ldhkj_class` WHERE ( id=12 ) LIMIT 1   [ RunTime:0.0000s ]
SQL: SHOW COLUMNS FROM `ldhkj_article` [ RunTime:0.0240s ]
SQL: SELECT * FROM `ldhkj_article` WHERE ( cid=177 )  [ RunTime:0.0200s ]
NOTIC: [8] Undefined index: cid D:\phpStudy\PHPTutorial\WWW\arc\Application\Home\Controller\IndexController.class.php 第 878 行.
SQL: SELECT * FROM `ldhkj_class` WHERE ( id=177 ) LIMIT 1   [ RunTime:0.0010s ]
SQL: SELECT * FROM `ldhkj_class` WHERE ( id=12 ) LIMIT 1   [ RunTime:0.0000s ]
SQL: SHOW COLUMNS FROM `ldhkj_quick_three` [ RunTime:0.0100s ]
SQL: SELECT * FROM `ldhkj_quick_three` WHERE ( cid=177 )  [ RunTime:0.0010s ]
NOTIC: [8] Undefined variable: al_list D:\phpStudy\PHPTutorial\WWW\arc\Application\Home\Controller\IndexController.class.php 第 285 行.
NOTIC: [2] Invalid argument supplied for foreach() D:\phpStudy\PHPTutorial\WWW\arc\Application\Home\Controller\IndexController.class.php 第 285 行.
NOTIC: [8] Undefined variable: al_list D:\phpStudy\PHPTutorial\WWW\arc\Application\Home\Controller\IndexController.class.php 第 288 行.
SQL: SELECT * FROM `ldhkj_class` WHERE ( id=177 ) LIMIT 1   [ RunTime:0.0000s ]
SQL: SHOW COLUMNS FROM `ldhkj_product` [ RunTime:0.0080s ]
SQL: SELECT * FROM `ldhkj_product` WHERE ( cid=177 ) ORDER BY addtime desc  [ RunTime:0.0010s ]
INFO: [ view_parse ] --START--
INFO: [ template_filter ] --START--
INFO: Run Behavior\ContentReplaceBehavior [ RunTime:0.000000s ]
INFO: [ template_filter ] --END-- [ RunTime:0.000000s ]
SQL: SELECT * FROM `ldhkj_class` WHERE `pid` = 2 ORDER BY ord asc  [ RunTime:0.0000s ]
SQL: SELECT `pid` FROM `ldhkj_class` WHERE ( id=142 ) LIMIT 1   [ RunTime:0.0000s ]
SQL: SELECT * FROM `ldhkj_class` WHERE ( pid=142 ) ORDER BY ord2 asc  [ RunTime:0.0010s ]
SQL: SELECT `pid` FROM `ldhkj_class` WHERE ( id=12 ) LIMIT 1   [ RunTime:0.0000s ]
SQL: SELECT * FROM `ldhkj_class` WHERE ( pid=12 ) ORDER BY ord2 asc  [ RunTime:0.0000s ]
SQL: SELECT `pid` FROM `ldhkj_class` WHERE ( id=11 ) LIMIT 1   [ RunTime:0.0010s ]
SQL: SELECT * FROM `ldhkj_class` WHERE ( pid=11 ) ORDER BY ord2 asc  [ RunTime:0.0000s ]
SQL: SELECT `pid` FROM `ldhkj_class` WHERE ( id=14 ) LIMIT 1   [ RunTime:0.0000s ]
SQL: SELECT * FROM `ldhkj_class` WHERE ( pid=14 ) ORDER BY ord2 asc  [ RunTime:0.0000s ]
SQL: SELECT `pid` FROM `ldhkj_class` WHERE ( id=313 ) LIMIT 1   [ RunTime:0.0010s ]
SQL: SELECT * FROM `ldhkj_class` WHERE ( pid=313 ) ORDER BY ord2 asc  [ RunTime:0.0000s ]
SQL: SELECT * FROM `ldhkj_class` WHERE `pid` = 6 ORDER BY ord asc  [ RunTime:0.0000s ]
SQL: SELECT * FROM `ldhkj_class` WHERE `pid` = 4 ORDER BY ord asc  [ RunTime:0.0010s ]
SQL: SELECT `pid` FROM `ldhkj_class` WHERE ( id=16 ) LIMIT 1   [ RunTime:0.0000s ]
SQL: SELECT * FROM `ldhkj_class` WHERE ( pid=16 ) ORDER BY ord2 asc  [ RunTime:0.0000s ]
SQL: SELECT `pid` FROM `ldhkj_class` WHERE ( id=17 ) LIMIT 1   [ RunTime:0.0010s ]
SQL: SELECT * FROM `ldhkj_class` WHERE ( pid=17 ) ORDER BY ord2 asc  [ RunTime:0.0000s ]
SQL: SELECT `pid` FROM `ldhkj_class` WHERE ( id=151 ) LIMIT 1   [ RunTime:0.0000s ]
SQL: SELECT * FROM `ldhkj_class` WHERE ( pid=151 ) ORDER BY ord2 asc  [ RunTime:0.0000s ]
SQL: SELECT `pid` FROM `ldhkj_class` WHERE ( id=292 ) LIMIT 1   [ RunTime:0.0000s ]
SQL: SELECT * FROM `ldhkj_class` WHERE ( pid=292 ) ORDER BY ord2 asc  [ RunTime:0.0000s ]
SQL: SELECT `pid` FROM `ldhkj_class` WHERE ( id=251 ) LIMIT 1   [ RunTime:0.0000s ]
SQL: SELECT * FROM `ldhkj_class` WHERE ( pid=251 ) ORDER BY ord2 asc  [ RunTime:0.0010s ]
SQL: SELECT `pid` FROM `ldhkj_class` WHERE ( id=18 ) LIMIT 1   [ RunTime:0.0000s ]
SQL: SELECT * FROM `ldhkj_class` WHERE ( pid=18 ) ORDER BY ord2 asc  [ RunTime:0.0000s ]
SQL: SELECT * FROM `ldhkj_class` WHERE `pid` = 5 ORDER BY ord asc  [ RunTime:0.0010s ]
SQL: SELECT `pid` FROM `ldhkj_class` WHERE ( id=20 ) LIMIT 1   [ RunTime:0.0000s ]
SQL: SELECT `pid` FROM `ldhkj_class` WHERE ( id=22 ) LIMIT 1   [ RunTime:0.0000s ]
SQL: SELECT `pid` FROM `ldhkj_class` WHERE ( id=24 ) LIMIT 1   [ RunTime:0.0000s ]
SQL: SELECT `pid` FROM `ldhkj_class` WHERE ( id=21 ) LIMIT 1   [ RunTime:0.0000s ]
SQL: SELECT `pid` FROM `ldhkj_class` WHERE ( id=23 ) LIMIT 1   [ RunTime:0.0010s ]
SQL: SELECT `pid` FROM `ldhkj_class` WHERE ( id=258 ) LIMIT 1   [ RunTime:0.0000s ]
SQL: SELECT `pid` FROM `ldhkj_class` WHERE ( id=267 ) LIMIT 1   [ RunTime:0.0000s ]
SQL: SELECT * FROM `ldhkj_class` WHERE `pid` = 7 ORDER BY ord asc  [ RunTime:0.0000s ]
SQL: SELECT `pid` FROM `ldhkj_class` WHERE ( id=25 ) LIMIT 1   [ RunTime:0.0010s ]
SQL: SELECT `pid` FROM `ldhkj_class` WHERE ( id=26 ) LIMIT 1   [ RunTime:0.0000s ]
SQL: SELECT * FROM `ldhkj_class` WHERE `pid` = 8 ORDER BY ord asc  [ RunTime:0.0000s ]
SQL: SELECT `pid` FROM `ldhkj_class` WHERE ( id=324 ) LIMIT 1   [ RunTime:0.0000s ]
SQL: SELECT `pid` FROM `ldhkj_class` WHERE ( id=29 ) LIMIT 1   [ RunTime:0.0000s ]
SQL: SELECT `pid` FROM `ldhkj_class` WHERE ( id=28 ) LIMIT 1   [ RunTime:0.0010s ]
SQL: SELECT `pid` FROM `ldhkj_class` WHERE ( id=150 ) LIMIT 1   [ RunTime:0.0000s ]
SQL: SELECT * FROM `ldhkj_class` WHERE `pid` = 9 ORDER BY ord asc  [ RunTime:0.0000s ]
SQL: SELECT `pid` FROM `ldhkj_class` WHERE ( id=30 ) LIMIT 1   [ RunTime:0.0000s ]
SQL: SELECT `pid` FROM `ldhkj_class` WHERE ( id=31 ) LIMIT 1   [ RunTime:0.0000s ]
SQL: SELECT `pid` FROM `ldhkj_class` WHERE ( id=32 ) LIMIT 1   [ RunTime:0.0010s ]
SQL: SELECT `pid` FROM `ldhkj_class` WHERE ( id=33 ) LIMIT 1   [ RunTime:0.0000s ]
SQL: SELECT `pid` FROM `ldhkj_class` WHERE ( id=278 ) LIMIT 1   [ RunTime:0.0000s ]
SQL: SELECT `pid` FROM `ldhkj_class` WHERE ( id=36 ) LIMIT 1   [ RunTime:0.0000s ]
SQL: SELECT * FROM `ldhkj_class` WHERE `pid` = 2 ORDER BY ord asc  [ RunTime:0.0010s ]
SQL: SELECT `pid` FROM `ldhkj_class` WHERE ( id=142 ) LIMIT 1   [ RunTime:0.0000s ]
SQL: SELECT `pid` FROM `ldhkj_class` WHERE ( id=12 ) LIMIT 1   [ RunTime:0.0000s ]
SQL: SELECT `pid` FROM `ldhkj_class` WHERE ( id=11 ) LIMIT 1   [ RunTime:0.0000s ]
SQL: SELECT `pid` FROM `ldhkj_class` WHERE ( id=14 ) LIMIT 1   [ RunTime:0.0000s ]
SQL: SELECT `pid` FROM `ldhkj_class` WHERE ( id=313 ) LIMIT 1   [ RunTime:0.0000s ]
SQL: SELECT * FROM `ldhkj_class` WHERE `pid` = 6 ORDER BY ord asc  [ RunTime:0.0000s ]
SQL: SELECT * FROM `ldhkj_class` WHERE `pid` = 4 ORDER BY ord asc  [ RunTime:0.0000s ]
SQL: SELECT `pid` FROM `ldhkj_class` WHERE ( id=16 ) LIMIT 1   [ RunTime:0.0000s ]
SQL: SELECT `pid` FROM `ldhkj_class` WHERE ( id=17 ) LIMIT 1   [ RunTime:0.0000s ]
SQL: SELECT `pid` FROM `ldhkj_class` WHERE ( id=151 ) LIMIT 1   [ RunTime:0.0010s ]
SQL: SELECT `pid` FROM `ldhkj_class` WHERE ( id=292 ) LIMIT 1   [ RunTime:0.0000s ]
SQL: SELECT `pid` FROM `ldhkj_class` WHERE ( id=251 ) LIMIT 1   [ RunTime:0.0000s ]
SQL: SELECT `pid` FROM `ldhkj_class` WHERE ( id=18 ) LIMIT 1   [ RunTime:0.0000s ]
SQL: SELECT * FROM `ldhkj_class` WHERE `pid` = 5 ORDER BY ord asc  [ RunTime:0.0000s ]
SQL: SELECT `pid` FROM `ldhkj_class` WHERE ( id=20 ) LIMIT 1   [ RunTime:0.0000s ]
SQL: SELECT `pid` FROM `ldhkj_class` WHERE ( id=22 ) LIMIT 1   [ RunTime:0.0000s ]
SQL: SELECT `pid` FROM `ldhkj_class` WHERE ( id=24 ) LIMIT 1   [ RunTime:0.0000s ]
SQL: SELECT `pid` FROM `ldhkj_class` WHERE ( id=21 ) LIMIT 1   [ RunTime:0.0000s ]
SQL: SELECT `pid` FROM `ldhkj_class` WHERE ( id=23 ) LIMIT 1   [ RunTime:0.0000s ]
SQL: SELECT `pid` FROM `ldhkj_class` WHERE ( id=258 ) LIMIT 1   [ RunTime:0.0000s ]
SQL: SELECT `pid` FROM `ldhkj_class` WHERE ( id=267 ) LIMIT 1   [ RunTime:0.0000s ]
SQL: SELECT * FROM `ldhkj_class` WHERE `pid` = 7 ORDER BY ord asc  [ RunTime:0.0000s ]
SQL: SELECT `pid` FROM `ldhkj_class` WHERE ( id=25 ) LIMIT 1   [ RunTime:0.0000s ]
SQL: SELECT `pid` FROM `ldhkj_class` WHERE ( id=26 ) LIMIT 1   [ RunTime:0.0000s ]
SQL: SELECT * FROM `ldhkj_class` WHERE `pid` = 8 ORDER BY ord asc  [ RunTime:0.0010s ]
SQL: SELECT `pid` FROM `ldhkj_class` WHERE ( id=324 ) LIMIT 1   [ RunTime:0.0000s ]
SQL: SELECT `pid` FROM `ldhkj_class` WHERE ( id=29 ) LIMIT 1   [ RunTime:0.0000s ]
SQL: SELECT `pid` FROM `ldhkj_class` WHERE ( id=28 ) LIMIT 1   [ RunTime:0.0000s ]
SQL: SELECT `pid` FROM `ldhkj_class` WHERE ( id=150 ) LIMIT 1   [ RunTime:0.0000s ]
SQL: SELECT * FROM `ldhkj_class` WHERE `pid` = 9 ORDER BY ord asc  [ RunTime:0.0000s ]
SQL: SELECT `pid` FROM `ldhkj_class` WHERE ( id=30 ) LIMIT 1   [ RunTime:0.0000s ]
SQL: SELECT `pid` FROM `ldhkj_class` WHERE ( id=31 ) LIMIT 1   [ RunTime:0.0000s ]
SQL: SELECT `pid` FROM `ldhkj_class` WHERE ( id=32 ) LIMIT 1   [ RunTime:0.0000s ]
SQL: SELECT `pid` FROM `ldhkj_class` WHERE ( id=33 ) LIMIT 1   [ RunTime:0.0000s ]
SQL: SELECT `pid` FROM `ldhkj_class` WHERE ( id=278 ) LIMIT 1   [ RunTime:0.0000s ]
SQL: SELECT `pid` FROM `ldhkj_class` WHERE ( id=36 ) LIMIT 1   [ RunTime:0.0000s ]
INFO: Run Behavior\ParseTemplateBehavior [ RunTime:0.049002s ]
INFO: [ view_parse ] --END-- [ RunTime:0.049002s ]
INFO: [ view_filter ] --START--
INFO: Run Behavior\WriteHtmlCacheBehavior [ RunTime:0.000000s ]
INFO: [ view_filter ] --END-- [ RunTime:0.000000s ]
INFO: [ app_end ] --START--
INFO: Run Behavior\ShowPageTraceBehavior [ RunTime:0.001000s ]
INFO: [ app_end ] --END-- [ RunTime:0.001000s ]

[ 2018-01-26T16:35:13+08:00 ] 127.0.0.1 /arc/Public/Uploads/system/592fbf66a3f9f.png
INFO: [ app_init ] --START--
INFO: Run Behavior\BuildLiteBehavior [ RunTime:0.000000s ]
INFO: [ app_init ] --END-- [ RunTime:0.000000s ]

[ 2018-01-26T16:35:13+08:00 ] 127.0.0.1 /arc/Public/Uploads/class/597fe2495336d.png
INFO: [ app_init ] --START--
INFO: Run Behavior\BuildLiteBehavior [ RunTime:0.000000s ]
INFO: [ app_init ] --END-- [ RunTime:0.000000s ]

[ 2018-01-26T16:35:13+08:00 ] 127.0.0.1 /arc/Public/Uploads/class/597feb0a00e44.png
INFO: [ app_init ] --START--
INFO: Run Behavior\BuildLiteBehavior [ RunTime:0.000000s ]
INFO: [ app_init ] --END-- [ RunTime:0.000000s ]

